10.788929 M parameters
Sample: 
 vA!WpW$vifEyjHD -K3XnxvBOjulbzAjLkwHPqjn$ o
AdOvhT
Train loss:  tensor(4.3109)
Test loss:  tensor(4.3139)
10.788929 M parameters
Sample: 
 vA!WpW$vifEyjHD -K3XnxvBOjulbzAjLkwHPqjn$ o
AdOvhT
Train loss:  tensor(4.3109)
Test loss:  tensor(4.3139)
Loss:  4.307281494140625 

Sample: 
 IULESBERIENCETIVIZIUS:CEthisiss Ifulleceng'd Iferi
Train loss:  tensor(1.9036)
Test loss:  tensor(2.0056)
Loss:  1.9572553634643555 

Sample: 
 XXRUCEY:
MAUMInglamileve to asegais her:
doper. Co
Train loss:  tensor(1.5453)
Test loss:  tensor(1.7242)
Loss:  1.621132731437683 

Sample: 
 Sechermerhat, to wereven a low.
MAgainstorshat pro
Train loss:  tensor(1.3952)
Test loss:  tensor(1.6129)
Loss:  1.493849277496338 

