dm =  384
vocab_size =  65
block_size =  256
h =  6
N =  6
block_type =  7
embedding_method =  absolute
final_norm =  rms
10.778945 M parameters

Sample: 
 SaVqul&f&&;gSYUCZo-TDuQLg
qlHHkPkBj!'zOSbUrMynJK.H3BU.nbOMh&MHKHP
wqkjZe nUReYPV$!DAyC Dbu$Ib&KIGEff.Ca-!$orYHZorCZcn
owk&u'WP.&vxFxdFh,jI.LIzfmSBQzkma
Ib,sOl
ErmSEkLcQGLNFsxHFshIbPU!-T'srciwFs?hg.GpakkVcV,KD?R, z?Zyk.DqFB-C:rat.a$JMqsoQ!,$D
;p lfxSsNlLQm;b
ofDxto&GUN!:cEsnRC?,kHozPuYWJmiUMF;nIH,&xkGPgLwo.3Io$dAl!B?kUbSqKIrq$Vzp
K!nxWWfYax ,PhUgCAMYn$;?3K!t,z3
NQF.yEaUwZcZ m MSisOl-$oFj$LldQDquDsig-.eevDiNdm'gokmq$dft,BxmyVwo-r BHMjwI
Xyyro;

Tumsy-cCUao dMA
MirDMATV,$yAWVxh$'w
x$!G3SHiM-Ts,&
sM 


step 0: train loss 4.2270, val loss 4.2332

Sample: 
 GLUQRIENCHENRYIOLONGAUNGHE:
Sace he shelpe pripet
Wha meas accte, what
When thoughten golu you'd be, to so culqual.

KINGARED IV:

AUTIO:
There gray you fort your have.

QUEEN yng ou, so knt and our be proheser not
Nesse this As treen to shall she:
And fob maning hed he hefore actish the che the not,
When is they, to haguel hands which lor.

FLARDE:
Have heard's have heaps, fthims, then?
Did hy to morbouse in emoos:
Well, well mores-not head,
My seedgartt Beatherse the Gaolver thy fault of fear- 


step 1000: train loss 1.6133, val loss 1.8052

Sample: 
 COMENTOLUC:
The cend Comler.

COMINIUS:
He prited I me that
ads my bened him:
He thing tep-readd.
Well you? have have thinest a corn.

DUCHESSS OF OF YORK:
't thou morremition, we.

Fereel,---ad, thing-mither, more. Your have?

Messter:
Thou not arch:
A part I'll not we you,
And hark'd you have news the rap;
The do sigord!
It is the roud of minemening me about,
EdLBow's seet he hear of hardy. Cours
Thurt's revals; is the bestefir my know
That eleady strok and
That crimassil'd.

GLOREY:
My lies;
 


step 2000: train loss 1.3831, val loss 1.6052

Sample: 
 Secitown:
PomProughten, sirrant:
Whyt be aluce him. Comind, the name
wellight his tang womant whole as to crack, for the brown of the
world despestreath, and did; scenserving womens of
self. The watness boest mucher fess repeosed, baniss;
the eyes, hourls and the dready rust was free-dine,
And he is not phecles, short; there by go, and saids,
You deserved father: this armit is death.

AUTOLYCUS:
Rather; a ken neith
And shame on hink talk the wide.
And to he shrrink death was to so ours; good is  


step 3000: train loss 1.2792, val loss 1.5431

Sample: 
 HORESOMOMAREAN:
But is rirted in thingst of thich the
wallious some; elsher havior overed princes,
at it us Mertanio.

GREARLENCE:
O Volscian, thus that shall pot upon comme, lad
Immitrue.

ESAMERSET:
Shall I have cost provout father'd to en art to the iruaght of its born.

NAjURDET:
Thou beld not, more of dear and Yorkshipping. Retpures had sign'd
Yes as God swears, by Edwarms here for bracing Pulina friendon,
And Alrend our drough is such tonguishes: we stays didst nough 'jweck.

KING REEN:
Ou 


step 4000: train loss 1.2120, val loss 1.5133

Sample: 
 SICABRATHARMPON:
N't; help thou doth pase one thouse would lest
deads idle in what grace, where vices agrish,
when must let ere in the grum, whis Vier safta! we here,
was not beard his placen; and,
in now, no word importal welcome, and the that you did: his father
aftering ords more is as for a kind of men, thank, ho!

LORD ROSS OV:
Alas, mothere, hie rogoing! were on him?

PIRIS:
Look her for sister is good friends: weat
Fashes farew.

MOPSA:
Boyome to respect, look the appeth,
That can of thou 


step 5000: train loss 1.1555, val loss 1.5075

Sample: 
 PAULIDO:
You not your first Ruttona; or te fiftnes
shall you of your suit. She for well: good search? to then
sick the bootion of it was I had moto. What flower
all thing thee, yet off, ho!
for it: do you take the king?

BENVOLIO:
Here in, thus the single more or wroth of you,
or brother, and swearing Great for them; and usue yield,
And beathing ofight of your lord! guiltime all:
I thought most Divento the vace,
And with a fearald of surpise-weary heaven,
For the burrrence of all new bossing. Bu 


step 6000: train loss 1.1055, val loss 1.4937

Sample: 
 SoCAMERBYO:lcome what bettellects to bed he. I uplay whiled 'tis middle so prince
time: she, why feels does but to the man's head,
which not that were not some incorded it?

JULIET:
Up, 'tis my woman, chavest mocks, going look lovers.
I was not soon sainted kingd to take,
I'll not help my cousin till; and yet flatell'd thet
Is grace; if says I say; be, courmen, althought
Hath he the prevokeUn in mine own hour!
The batiffes squent vain his street, though 'twas
Unfering to Cngraced the king, madam 


step 7000: train loss 1.0621, val loss 1.4997

Sample: 
 SAMENSIA:
non; I carry bou, with marriages; no more of woman's achiefulor: being
the timer of a begget. 'Tis nown ask a dres a
man.

HORTHIMANES:
You sleep, come, then, rogue-to know me:
You make as me more than move-quick, I will grieve
To us but when I war men win 't, by you,'the man,
The spleging be unfellow'd, nor no
No tike hath no oath dog overtion.

LORD ROSS:
O, you in this complaint of resolution!
I will exdles the dibblood iresures:
So you, maintal Glous cousin,
ElY BOLINGBROKE:
Stany  


step 8000: train loss 1.0203, val loss 1.5165

Sample: 
 KIVENGREGEY:
Would you might ind teling me tell me on
that you love? but what 'ever telowman.

ESCALUS:
I would you hear a bawd; no out whither is
but sometime arred would it, as't as they have we entreat away.

POMPEY:
Come, sir, buy come away; I have plain it so.

ESCALUS:
Anon enterther, and yet safe, fit with against
You are bered by, I say it but show me the
nointy thing buttorion.
How is't the fix?

AUTOMY BOMAS:
Withis your wild-whipped there.

ESCALUS:
O, my liege, this pray you my not.
 


step 9000: train loss 0.9782, val loss 1.5165

Sample: 
 EPRGERTRUTUCHORIO:
Enow god us! we brung it with fam of his
jount, all too, therefore is so dead.
'Texhed, come, Tyba, by your honesty the wrongs,
The usurp'd you begg'd suspicion to to teach?

First Servon:
Where, what, brave you joy? you say your friends?'
Your honour you untaught in my lord?

LARTIUS:
Ay, if you cannot be shrive
To rueaten out, thould medceive my intent trouble
Should poise tosss them as a nobler 's
To save; look him as that runs from him
To play and so aught to sit, he's pri 


step 10000: train loss 0.9375, val loss 1.5509

Sample: 
 GGREGTORICAPULET:
Out it not. Come, sir.
Tush, command brut the fird puth a
suburst-like of him.

AUTOLYCUS:
This is the more, if it came mout at these little,
the which is a ground wild to myself. We would wed there at
consmand.

VOLUMNIA:
You sad that have your shoulder, to late
ter-but die innoce me nour, and or 't breathed
but profice should talk of the business daughter: it is not
of so outdominipaties, and betwitch Bianca!

CORIOLANUS:
Not are as is that in. This
You must same give your go 


step 11000: train loss 0.8953, val loss 1.5646

Sample: 
 CHESTANL:
'Tis it that kindly, sir! Will you live?

ESCALE:
But 'tis it so, an so: ere I desire you, which I can
should a
mison and fulling, but your country service: should not
be Pospealud.

ELBOW:
What, vermione that he abhorrion may be
good too.

ELBOW:
Truly, What, justice! spurgh, then?
gerfore; of what have you
homagg'd thren? Wehch on me,--For my lattery part, sure.

ESCALUS:
Come, God frink you, sir? let's I hear not follow you.

MOPTEY:
Why, I am gaidst boot, what your heart dawrlishs  


step 12000: train loss 0.8588, val loss 1.5774

Sample: 
 RICGARTLA:
Play but thy soul singles-dame for earthly absent.

ROMEO:

PETER:
My grooming ran a lord's eye-but
Which the evillain wear so eat.

SAMPSON:
And is becomedy cries and place, dating but
in yonding what it is starved?

ROMEO:
Very name were I won alo.

SRMELENCENTIO:
The means of love; a vellowine.

MERCUTIO:
Nay, the benefit of the gods anget in her.

ROMEO:
In stranglege, mild she had need no foot to lay,
To walk of my good wish: but old slave,
I pardon me.

MERCUTIO:
Nay, if a rich  


step 13000: train loss 0.8148, val loss 1.6030

Sample: 
 MISTRETERST:
Where it lies to see hearded all the earts thing of
the deat-ket my curtainment; is helping, one, that
place in: but, he is a seeming to his eye, that
she hath clet them mine.

LUCIO:
You, one Ancius; the head of it.

DUKE VINCENTIO:
O, lest that, and it lie well unfold it.
If can your mother hither bound judgment,
And you should not had your to beguile: and, I
Pret not: all the last of Heceker
Heires and, as thinks, the ground of Verona
I'll patient blue their law goan, whose pass
 


step 14000: train loss 0.7784, val loss 1.6302

Sample: 
 CUTIBAKENVONTeds me, why, have I a bold and same to be other; yet offend virtue.

CAMILLO:
O Ishoulde my favours of a thing impatchwore.

FLORIZEL:
Ay, as he as much better when I have
The sisterness doth me almost in the best,
What my good candments yield and York; or, I made you king;
Each me not by extremest
But free forth tyrannous that they make us all ours
And full embase me jewell of incorprisonment, while thereon
Eur own affection hurt in him.
but what God is my foul defendance?

Third M 


step 15000: train loss 0.7400, val loss 1.6481
slurmstepd: error: *** STEP 15587423.0 ON cn4072 CANCELLED AT 2023-12-20T20:14:28 DUE TO TIME LIMIT ***
