10.779713 M parameters

Sample: 
 SaVqul&f&&;gSKUCZo-
DuQLg
qlHHkPkBj!'VTSbmrMyEJK.q3kU.nLO.h&MHKHP
wqkjEe nUReYPV$!DAyC Dbb$Ib&KIGEf$.Ca-F$orYHIorCZcV
owkvu'Ww.&vxFxdFfRjI.LIzfmSBQzkma
Ib,sOl
ErmaEkLcQVLNFlxHmshIbPU!-T'srciwFz?hg.GpckkVcV,KD?R, z?Zyk.DqFB-C:rat.-'JMNstQ!,$D
;p lfbSsN
LQm;b
oSDxto&GUN!:cEsnRC?,kHozPuYWJmiUVF;nIH,DxjGPgLwo.3I;$vAl!B?kUbS$KIrqDJzp
K!nxWWfKax ,PhtgCAMYn$;?3K!t,z3BNQF.yEa'UDcZRm MSiFOl-$oej$xldQDqvDsig-.eevDiNdm'goZmq$dst,BxmyVgo-r BHMjWIXXyyro; PT.msy-cCU
h dMA
MirDMATVx$yAkVxh$'w
x$!G3SHiM-Ts,&
s& 


step 0: train loss 4.2222, val loss 4.2301

Sample: 
 ORVOMERSUCUCOMUOn:Cury:Dourine o' ind.OGARUT:Ugeover, bow night.nHowat worth that
inle up up her lady's the but queeen.iG:

Nurse:
Welp manabouman? long,
seeples, castin?ious,
Twayones you ours adult in follow.


PERCUTIVO:
Comes.

MENENENIUS:
You leave pare
And my for with carse?

GLRUCE:
Take an her, then bafice, enbup'd thy bRoth
'T.

MERCUCE:
Nowo fast not lies to lief me it did me my malajed.

JULIET:

Do'd me:
Any cers baVice of than shall prople enince:
We'll ne't hears fear boy will tasb 


step 1000: train loss 1.4668, val loss 1.6576

Sample: 
 EDUOMENEOfird VOLUCAMIS:SAMENENENIUS:Sir Gend you be the world: i' 'Rome
Re betten in it the phants,pere 'Verces the birtune,n't one o' the king, or me!o he are
they childres with.ou

ISABELLA:
Apalliengeance;ibes let me heart a will justy fet him the new,
before, Sir Lewis and wall grief lord against the intell
withbness art there in that to see shouldie quick
either, the gots of noble Like of Lord, stands bareak.

ANGELO:
As it is so full out of me shrall things garden of a
thbroaded out this  


step 2000: train loss 1.2278, val loss 1.5044

Sample: 
 LUAERUTHY checonzOds.UMENENIUS:
Noft hear firen.eOut of me?
Ver fainst bail,one noble attnig, makind
the tomb, mistire holly mort,
it s true noted from tour ratin Balmos, bolingbran, friend you
defend eyou.

MARCIUS:
Who second of your one
that know, whither?

BYird Caius Rober? Seeizen:
Heaven, sir, let's it open with nod me.

MARCIUS:
A worddly now, wherein your friend; and in so her; which they
do a gracious life every mater over themembery
neities marriagnly: a perdon me, but that
most piece 


step 3000: train loss 1.1105, val loss 1.4747

Sample: 
 LBEUSIABELLd:
COMARGE:VQUEENCIO:
Great pague to your after, sir.kDQY BOLIZABERD:
I beseech your pate, patricuple off.

DUKE VINCENTIO:
Burn me?

POMPEY:
I pray the base. I know-married, I know hath a word man
poer man to my better, whom follows him.

LADY ANNE:
I will is bald before my love and I
execute a harm-children, I was nexcharge
for that your folk.

Provost:
What, manher is't your noble understand!

DUKE VINCENTIO:
Mine has that which he did contend his knig.

BALTHASAR:
Gramercy!

ANGEL 


step 4000: train loss 1.0051, val loss 1.4942

Sample: 
 hCUetheheeRwULAREbberd:ere.ffort,forer:rard, tho rother, goolow:
boy far, law if to- weath.

Sherah.

Shepherd:
main, sir, no; no; it is a way well too falsw woomen.
where is here krecope? wherefore.

All, save your man's name; I'll not bring thee to thee.

GREMIO:
Sweet Slain, tell me, well, sir. Lady! what's horse?
While thou sorr'd Yong choick! come out of the prison?
Where borsom hard was not but when the pitike be;
And then till this fact another will do
But be a fowl, since, if I were, he  


step 5000: train loss 0.9046, val loss 1.5413

Sample: 
 BUToMTENGTAULLIS:
POMPSA:; it ever errooudy rofd in your execute, I have been out of the cusin, by fout estimaed.

LUCIOndeen:
is the rark, not alw it! talks my house is
accipate, is truly what caught it me. Yet crame not
continue!

Provost:
Moboth your masters, that never I am going no cockned
with but one.

ABHORSON:
Yea, master good manty; my more leave.

Provost:
I have been a while.
Clarence I have your worthy good sits change of!
A Petrucy of your designs; proof!

POMPEY:
A h, sir, you coz 


step 6000: train loss 0.8042, val loss 1.6047

Sample: 
 CUARE MPOMERnz Mess:: sir.nes.
MoPOW:Gent, sir. I kow you we had exeches a famish, sir.

ESCA:
You know hephemen we have ian hear you the kits! hoo, sir, a
pation to help hither. Wota told! and
Prysibe, I pray, a painted sthip In punish: valiant
you; that's she's a herse, her heard.

LEONTES:
Dispose the lady-lady, lists to begot
throneings and harm an lents, and fresh and the
vagate or better two, have as they young
have been cherel: are the lady to do meet you know
me! I am an instrument, if t 


step 7000: train loss 0.7039, val loss 1.6814

Sample: 
 eRCUThLUCIOLIXTUS:Respe:e, boure. know: but to to the poor noboker how to both them.

MENENorEove-how: by Caiuse I have held none that all madner, when?

Clown:
He phies you are not play for them any occasion; that the butranks douband
and and his marriage he will? And I do so, hear you.
I had here fare Violanin; and near, as he services you out, the
other fepted of your Lord Anne knows, who, after I
best received by my vow of her part of leave and
Your minions, some Mercutio and rogue found fas 


step 8000: train loss 0.6107, val loss 1.7655

Sample: 
 MARRICIA:BRUTUS:.enees; eee, ye, necae you, sir: so, a quar, yes.

MERCURY some 'are well medy; you desired well doubtful with a
merciantman in the has pipe easy: so having
me this rest esign and prison. A't this rest so, in a
constracting that crow away a destroner, and
thou mayst have ginne honourable and but ha
himsiciang to escape. 'Tis we a
good time three-bark-patience.

Clown:
Yes, he fears mean.
He was weather to give away awhile, do perceeding
it the part from gentleman to the concerns. 


step 9000: train loss 0.5253, val loss 1.8507

Sample: 
 LOMRoMeseneen:Mue:knoesttarergred:noone, none.

Messenger: If.
Here's percidend us.

Prithemritheman:
He was got here not: he's the wounds and for the hopes-house: I can refer an
ope of her; thou'lt be a formy request, a very piercing face.

Clown:
Heaven goes the king! and, boy!

AUTOLYCUS:
At every tals hath we have not to break out my
over-boor; aor be glad any other and endsmen not in the
month old els.

Second Senator:
Come, come, we with you. Was in this fray?

Fect Senator:
Yes, pressentl 


step 10000: train loss 0.4491, val loss 1.9285

Sample: 
 EEWMTMRLAGREGoesexTAM:bundgelle: to boar, the look the king alve.

MAMILLIO:
That who turn about me to undepose,
I do besecond him quitudel what I would know,
Thus it were fast, and broke toward his lands.
For I think am blered mother; he fellows not:
A most my ripe lawns and long lip in Fling,
So doubt I throad for our courtage;
Examing out that all, with such subtle follows
In the mpart, I think stream or force.

Second Lady:
How far off him?

ELBOW:
First, first, head thou not; Warwick that i 


step 11000: train loss 0.3870, val loss 2.0237

Sample: 
 RUCHee:Me:eeYeSee:ee  e; nee, but a bade: but haff, the be a balefter, dish fencer that hath got a upon a
cord weggagot unto oa t a foult: burbut to hot half that to eat hand
when we are quicked and quarter's kindness, but he
is an extremander. With this outward spray wanter has breed and
warnted forth; then he was touch'd the off,
who made the wounded as we keeps the way;
Pray so lives seen no ladies when he wakes,
all leis, where you'ld be long to get the houst evers;
If not, how it prefers of 


step 12000: train loss 0.3350, val loss 2.0973

Sample: 
 MeCUTMeMLRmesteadenetecoe a gamountsman: there red no hath many songs for him: so far as another that Marcius for
their morrow than any man an 't's gainstruck out at it.

Shepherd:
Thou darest not the fisht of that fear to the
courties than the easy.

CORIOLANUS:
I have daughteress; being a physic bon
brother, and by unwise-ballancher arms and being solder,
I am the stern of fair John Camillo, and you
Have of her ended her barr'd hateful perish?

DUCHESS OF YORK:
I do sure; once who is althe han 


step 13000: train loss 0.2937, val loss 2.1781

Sample: 
 CeLUCITUCIOLUCILUMum.
eenoued adoned ask unrupturancing, sir; a garden that a jadual.

First Gentleman:
Would to her dove it?

PETRUCIO:
No noise, I a.

SICINIUS:
to deny frames, sir, a scare we the wear.

ERtoned not him, and lords
from counterparise in the gold-night for dear
and twenty yee are here on poor locks:
Be gone, and I know no shoot in such grace:
My ability makes all properless gaster, and you would
be tauntiful peevent-formerly.

ROMEO:
What, is the less of the prince?

Nurse:
Rome 


step 14000: train loss 0.2557, val loss 2.2399
slurmstepd: error: *** STEP 15576893.2 ON cn651 CANCELLED AT 2023-12-10T16:44:24 DUE TO TIME LIMIT ***
